<?xml version="1.0" encoding="UTF-8"?>
<!-- Generated by org.testng.reporters.JUnitXMLReporter -->
<testsuite hostname="InnovationM-122" name="EdgeTest" tests="1" failures="0" timestamp="19 Jul 2020 08:01:27 GMT" time="0.028" errors="0">
  <testcase name="@BeforeTest setup" time="0.0" classname="parallelTest.CrossBrowserScript">
    <failure type="java.lang.IllegalStateException" message="The driver executable does not exist: C:\Users\Administrator\eclipse-workspace\Undostres\.\MicrosoftWebDriver.exe">
      <![CDATA[java.lang.IllegalStateException: The driver executable does not exist: C:\Users\Administrator\eclipse-workspace\Undostres\.\MicrosoftWebDriver.exe
	at com.google.common.base.Preconditions.checkState(Preconditions.java:197)
	at org.openqa.selenium.remote.service.DriverService.checkExecutable(DriverService.java:121)
	at org.openqa.selenium.remote.service.DriverService.findExecutable(DriverService.java:116)
	at org.openqa.selenium.edge.EdgeDriverService.access$0(EdgeDriverService.java:1)
	at org.openqa.selenium.edge.EdgeDriverService$Builder.findDefaultExecutable(EdgeDriverService.java:63)
	at org.openqa.selenium.remote.service.DriverService$Builder.build(DriverService.java:296)
	at org.openqa.selenium.edge.EdgeDriverService.createDefaultService(EdgeDriverService.java:55)
	at org.openqa.selenium.edge.EdgeDriver.<init>(EdgeDriver.java:98)
	at parallelTest.CrossBrowserScript.setup(CrossBrowserScript.java:44)
	at java.util.concurrent.FutureTask.run(Unknown Source)
	at java.util.concurrent.ThreadPoolExecutor.runWorker(Unknown Source)
	at java.util.concurrent.ThreadPoolExecutor$Worker.run(Unknown Source)
	at java.lang.Thread.run(Unknown Source)
... Removed 14 stack frames]]>
    </failure>
  </testcase> <!-- @BeforeTest setup -->
  <testcase name="testParameterWithXML" time="0.001" classname="parallelTest.CrossBrowserScript">
    <skipped/>
  </testcase> <!-- testParameterWithXML -->
</testsuite> <!-- EdgeTest -->
